<?xml version="1.0" encoding="UTF-8"?>
<!-- Generated by org.testng.reporters.JUnitReportReporter -->
<testsuite skipped="0" hostname="DESKTOP-90C26VK" name="com.automation.testcases.Tc7_contextclick" tests="1" failures="0" timestamp="15 Nov 2019 09:45:06 GMT" time="1.205" errors="0">
  <testcase name="click" time="1.205" classname="com.automation.testcases.Tc7_contextclick"/>
</testsuite> <!-- com.automation.testcases.Tc7_contextclick -->
