<?xml version="1.0" encoding="UTF-8"?>
<!-- Generated by org.testng.reporters.JUnitReportReporter -->
<testsuite skipped="0" hostname="DESKTOP-90C26VK" name="com.automation.testcases.Tc1_Login" tests="1" failures="0" timestamp="11 Nov 2019 10:03:47 GMT" time="1.802" errors="0">
  <testcase name="login" time="1.802" classname="com.automation.testcases.Tc1_Login"/>
</testsuite> <!-- com.automation.testcases.Tc1_Login -->
