<?xml version="1.0" encoding="UTF-8"?>
<!-- Generated by org.testng.reporters.JUnitReportReporter -->
<testsuite skipped="0" hostname="DESKTOP-90C26VK" name="com.automation.testcases.Tc5_frame" tests="1" failures="0" timestamp="12 Nov 2019 12:24:04 GMT" time="0.227" errors="0">
  <testcase name="frame" time="0.227" classname="com.automation.testcases.Tc5_frame"/>
</testsuite> <!-- com.automation.testcases.Tc5_frame -->
