<?xml version="1.0" encoding="UTF-8"?>
<!-- Generated by org.testng.reporters.JUnitReportReporter -->
<testsuite skipped="0" hostname="DESKTOP-90C26VK" name="com.automation.testcases.Tc2_selectfacility" tests="1" failures="0" timestamp="11 Nov 2019 12:03:15 GMT" time="6.051" errors="0">
  <testcase name="Selectfacility" time="6.051" classname="com.automation.testcases.Tc2_selectfacility"/>
</testsuite> <!-- com.automation.testcases.Tc2_selectfacility -->
