<?xml version="1.0" encoding="UTF-8"?>
<!-- Generated by org.testng.reporters.JUnitReportReporter -->
<testsuite skipped="0" hostname="DESKTOP-90C26VK" name="com.automation.testcases.Tc9_windows" tests="1" failures="0" timestamp="26 Nov 2019 07:15:18 GMT" time="2.337" errors="0">
  <testcase name="windows" time="2.337" classname="com.automation.testcases.Tc9_windows"/>
</testsuite> <!-- com.automation.testcases.Tc9_windows -->
