<?xml version="1.0" encoding="UTF-8"?>
<!-- Generated by org.testng.reporters.JUnitReportReporter -->
<testsuite skipped="0" hostname="DESKTOP-90C26VK" name="com.automation.testcases.Tc6_mousehover" tests="1" failures="0" timestamp="13 Nov 2019 06:19:04 GMT" time="0.446" errors="0">
  <testcase name="hover" time="0.446" classname="com.automation.testcases.Tc6_mousehover"/>
</testsuite> <!-- com.automation.testcases.Tc6_mousehover -->
